<?xml version="1.0" encoding="UTF-8"?>
<!-- Generated by org.testng.reporters.JUnitReportReporter -->
<testsuite hostname="DESKTOP-FLSTVDV" failures="0" tests="1" name="com.cal.test.CalculatorIT" time="0.060" errors="0" timestamp="2025-08-10T22:28:53 IST" skipped="0">
  <testcase classname="com.cal.test.CalculatorIT" name="endToEnd_writeResultsToFile" time="0.060"/>
  <system-out/>
</testsuite> <!-- com.cal.test.CalculatorIT -->
